<?xml version="1.0" encoding="UTF-8"?>
<!-- Generated by org.testng.reporters.JUnitXMLReporter -->
<testsuite ignored="0" hostname="LAPTOP-Q99AU4LO" failures="0" tests="1" name="Test" time="27.111" errors="0" timestamp="2022-12-25T22:03:43 IST">
  <testcase classname="POM_DDF_TESTNG_PropertyFile_FailedTCSS.PBLogInTest" name="@BeforeMethod LoginToAppln" time="0.0">
    <failure type="java.lang.NullPointerException" message="Cannot invoke &amp;quot;org.openqa.selenium.SearchContext.findElement(org.openqa.selenium.By)&amp;quot; because &amp;quot;this.searchContext&amp;quot; is null">
      <![CDATA[java.lang.NullPointerException: Cannot invoke "org.openqa.selenium.SearchContext.findElement(org.openqa.selenium.By)" because "this.searchContext" is null
at org.openqa.selenium.support.pagefactory.DefaultElementLocator.findElement(DefaultElementLocator.java:70)
at org.openqa.selenium.support.pagefactory.internal.LocatingElementHandler.invoke(LocatingElementHandler.java:39)
at jdk.proxy2/jdk.proxy2.$Proxy18.click(Unknown Source)
at POMwithParameters.PBLogInPage.ClickOnSignIN(PBLogInPage.java:21)
at POM_DDF_TESTNG_PropertyFile_FailedTCSS.PBLogInTest.LoginToAppln(PBLogInTest.java:63)
at java.base/java.util.ArrayList.forEach(ArrayList.java:1511)
... Removed 31 stack frames]]>
    </failure>
  </testcase> <!-- @BeforeMethod LoginToAppln -->
  <testcase classname="POM_DDF_TESTNG_PropertyFile_FailedTCSS.PBLogInTest" name="@AfterMethod LogOutApplin" time="-1.671986023662E9">
    <skipped/>
  </testcase> <!-- @AfterMethod LogOutApplin -->
  <testcase classname="POM_DDF_TESTNG_PropertyFile_FailedTCSS.PBLogInTest" name="@AfterClass CloseBrowser" time="-1.671986023664E9">
    <skipped/>
  </testcase> <!-- @AfterClass CloseBrowser -->
  <testcase classname="POM_DDF_TESTNG_PropertyFile_FailedTCSS.PBLogInTest" name="VerifyName" time="0.0">
    <skipped/>
  </testcase> <!-- VerifyName -->
</testsuite> <!-- Test -->
